<?xml version="1.0" encoding="UTF-8"?>
<testng-results skipped="0" failed="0" ignored="0" total="1" passed="1">
  <reporter-output>
  </reporter-output>
  <suite name="Default suite" duration-ms="41122" started-at="2018-03-28T06:57:44Z" finished-at="2018-03-28T06:58:25Z">
    <groups>
    </groups>
    <test name="Default test" duration-ms="41122" started-at="2018-03-28T06:57:44Z" finished-at="2018-03-28T06:58:25Z">
      <class name="com.maven.browserMob2.CaptureNetworkTraffic">
        <test-method status="PASS" signature="setup()[pri:0, instance:com.maven.browserMob2.CaptureNetworkTraffic@1060b431]" name="setup" is-config="true" duration-ms="16753" started-at="2018-03-28T06:57:44Z" finished-at="2018-03-28T06:58:01Z">
          <reporter-output>
          </reporter-output>
        </test-method> <!-- setup -->
        <test-method status="PASS" signature="demo_test1()[pri:0, instance:com.maven.browserMob2.CaptureNetworkTraffic@1060b431]" name="demo_test1" duration-ms="24309" started-at="2018-03-28T06:58:01Z" finished-at="2018-03-28T06:58:25Z">
          <reporter-output>
          </reporter-output>
        </test-method> <!-- demo_test1 -->
      </class> <!-- com.maven.browserMob2.CaptureNetworkTraffic -->
    </test> <!-- Default test -->
  </suite> <!-- Default suite -->
</testng-results>
